  Gauss.cpp
C:\D\Programming\4SEM\ComputationalMath\Gauss\Gauss.cpp(12,5): warning C4804: <: небезопасное использование типа "bool" в операции
C:\D\Programming\4SEM\ComputationalMath\Matrix\Matrix.h(271,1): warning C4804: <: небезопасное использование типа "bool" в операции
C:\D\Programming\4SEM\ComputationalMath\Matrix\Matrix.h(268): message : во время компиляции функции-члена класс шаблон "void Matrix<Fraction>::add_i_row_to_j_mult_by_k(int,int,type)"
C:\D\Programming\4SEM\ComputationalMath\Matrix\Matrix.h(268): message :         with
C:\D\Programming\4SEM\ComputationalMath\Matrix\Matrix.h(268): message :         [
C:\D\Programming\4SEM\ComputationalMath\Matrix\Matrix.h(268): message :             type=Fraction
C:\D\Programming\4SEM\ComputationalMath\Matrix\Matrix.h(268): message :         ]
C:\D\Programming\4SEM\ComputationalMath\Gauss\Gauss.cpp(52): message : выполняется компиляция ссылки на экземпляр шаблон функции "void Matrix<Fraction>::add_i_row_to_j_mult_by_k(int,int,type)"
C:\D\Programming\4SEM\ComputationalMath\Gauss\Gauss.cpp(52): message :         with
C:\D\Programming\4SEM\ComputationalMath\Gauss\Gauss.cpp(52): message :         [
C:\D\Programming\4SEM\ComputationalMath\Gauss\Gauss.cpp(52): message :             type=Fraction
C:\D\Programming\4SEM\ComputationalMath\Gauss\Gauss.cpp(52): message :         ]
C:\D\Programming\4SEM\ComputationalMath\Gauss\Gauss.cpp(4): message : выполняется компиляция ссылки на экземпляр класс шаблон функции "Matrix<Fraction>"
C:\D\Programming\4SEM\ComputationalMath\Matrix\Matrix.h(234,1): warning C4804: <: небезопасное использование типа "bool" в операции
C:\D\Programming\4SEM\ComputationalMath\Matrix\Matrix.h(231): message : во время компиляции функции-члена класс шаблон "void Matrix<Fraction>::swap_rows(int,int)"
  main.cpp
C:\D\Programming\4SEM\ComputationalMath\Gauss\Gauss.cpp(45): message : выполняется компиляция ссылки на экземпляр шаблон функции "void Matrix<Fraction>::swap_rows(int,int)"
C:\D\Programming\4SEM\ComputationalMath\Gauss\main.cpp(3,10): warning C4067: непредвиденные лексемы за директивой препроцессора, требуется newline
  Создание кода...
C:\D\Programming\4SEM\ComputationalMath\Gauss\main.cpp(38,20): warning C4018: <: несоответствие типов со знаком и без знака
C:\D\Programming\4SEM\ComputationalMath\Matrix\Matrix.h(81): warning C4715: Matrix<Fraction>::operator(): значение возвращается не при всех путях выполнения
C:\D\Programming\4SEM\ComputationalMath\Matrix\Matrix.h(81): warning C4715: Matrix<Fraction>::operator(): значение возвращается не при всех путях выполнения
  Gauss.vcxproj -> C:\D\Programming\4SEM\ComputationalMath\Gauss\Debug\Gauss.exe
