  UpgradedSimplex.cpp
C:\D\Programming\4SEM\OE\UpgradedSimplex\UpgradedSimplex.cpp(30,10): warning C4244: инициализация: преобразование "double" в "int", возможна потеря данных
C:\D\Programming\4SEM\OE\UpgradedSimplex\UpgradedSimplex.cpp(102,20): warning C4018: <: несоответствие типов со знаком и без знака
C:\D\Programming\4SEM\OE\UpgradedSimplex\UpgradedSimplex.cpp(104,36): warning C4244: аргумент: преобразование "double" в "int", возможна потеря данных
C:\D\Programming\4SEM\OE\UpgradedSimplex\UpgradedSimplex.cpp(344,21): warning C4018: <: несоответствие типов со знаком и без знака
C:\D\Programming\4SEM\OE\UpgradedSimplex\UpgradedSimplex.cpp(405,75): warning C4244: +=: преобразование "double" в "_Ty", возможна потеря данных
          with
          [
              _Ty=int
          ]
C:\D\Programming\4SEM\OE\UpgradedSimplex\UpgradedSimplex.cpp(406,22): warning C4018: <: несоответствие типов со знаком и без знака
C:\D\Programming\4SEM\OE\UpgradedSimplex\UpgradedSimplex.cpp(410,51): warning C4244: -=: преобразование "double" в "_Ty", возможна потеря данных
          with
          [
              _Ty=int
          ]
C:\D\Programming\4SEM\OE\UpgradedSimplex\UpgradedSimplex.cpp(423,20): warning C4018: <: несоответствие типов со знаком и без знака
C:\D\Programming\4SEM\OE\UpgradedSimplex\UpgradedSimplex.cpp(446,20): warning C4018: <: несоответствие типов со знаком и без знака
C:\D\Programming\4SEM\OE\UpgradedSimplex\UpgradedSimplex.cpp(530,20): warning C4018: <: несоответствие типов со знаком и без знака
C:\D\Programming\4SEM\OE\UpgradedSimplex\UpgradedSimplex.cpp(535,38): warning C4018: <: несоответствие типов со знаком и без знака
C:\D\Programming\4SEM\OE\UpgradedSimplex\UpgradedSimplex.cpp(558,20): warning C4018: <: несоответствие типов со знаком и без знака
C:\D\Programming\4SEM\OE\UpgradedSimplex\UpgradedSimplex.cpp(616,21): warning C4018: <: несоответствие типов со знаком и без знака
C:\D\Programming\4SEM\OE\UpgradedSimplex\UpgradedSimplex.cpp(656,32): warning C4244: аргумент: преобразование "double" в "_Ty", возможна потеря данных
          with
          [
              _Ty=int
          ]
C:\D\Programming\4SEM\OE\UpgradedSimplex\UpgradedSimplex.cpp(676,83): warning C4244: +=: преобразование "double" в "_Ty", возможна потеря данных
          with
          [
              _Ty=int
          ]
C:\D\Programming\4SEM\OE\UpgradedSimplex\UpgradedSimplex.cpp(677,22): warning C4018: <: несоответствие типов со знаком и без знака
C:\D\Programming\4SEM\OE\UpgradedSimplex\UpgradedSimplex.cpp(681,59): warning C4244: -=: преобразование "double" в "_Ty", возможна потеря данных
          with
          [
              _Ty=int
          ]
C:\D\Programming\4SEM\OE\UpgradedSimplex\UpgradedSimplex.cpp(694,20): warning C4018: <: несоответствие типов со знаком и без знака
C:\D\Programming\4SEM\OE\UpgradedSimplex\UpgradedSimplex.cpp(717,20): warning C4018: <: несоответствие типов со знаком и без знака
C:\D\Programming\4SEM\OE\UpgradedSimplex\UpgradedSimplex.cpp(812,21): warning C4018: <: несоответствие типов со знаком и без знака
C:\D\Programming\4SEM\OE\UpgradedSimplex\UpgradedSimplex.cpp(826,22): warning C4018: <: несоответствие типов со знаком и без знака
C:\D\Programming\4SEM\CompMath\Matrix\Matrix.h(288,11): warning C4804: <: небезопасное использование типа "bool" в операции
C:\D\Programming\4SEM\CompMath\Matrix\Matrix.h(285): message : во время компиляции функции-члена класс шаблон "void Matrix<Fraction>::add_i_row_to_j_mult_by_k(int,int,type)"
          with
          [
              type=Fraction
          ]
C:\D\Programming\4SEM\OE\UpgradedSimplex\UpgradedSimplex.cpp(182): message : выполняется компиляция ссылки на экземпляр шаблон функции "void Matrix<Fraction>::add_i_row_to_j_mult_by_k(int,int,type)"
          with
          [
              type=Fraction
          ]
C:\D\Programming\4SEM\OE\UpgradedSimplex\UpgradedSimplex.cpp(7): message : выполняется компиляция ссылки на экземпляр класс шаблон функции "Matrix<Fraction>"
C:\D\Programming\4SEM\CompMath\Matrix\Matrix.h(288,29): warning C4804: <: небезопасное использование типа "bool" в операции
C:\D\Programming\4SEM\CompMath\Matrix\Matrix.h(82): warning C4715: Matrix<Fraction>::operator(): значение возвращается не при всех путях выполнения
  UpgradedSimplex.vcxproj -> C:\D\Programming\4SEM\OE\UpgradedSimplex\Debug\UpgradedSimplex.exe
