  Simplex.cpp
C:\D\Programming\4SEM\OE\Simplex\Simplex.cpp(8,20): warning C4018: <: несоответствие типов со знаком и без знака
C:\D\Programming\4SEM\OE\Simplex\Simplex.cpp(27,20): warning C4018: <: несоответствие типов со знаком и без знака
C:\D\Programming\4SEM\OE\Simplex\Simplex.cpp(37,20): warning C4018: <: несоответствие типов со знаком и без знака
C:\D\Programming\4SEM\OE\Simplex\Simplex.cpp(89,20): warning C4018: <: несоответствие типов со знаком и без знака
C:\D\Programming\4SEM\OE\Simplex\Simplex.cpp(98,21): warning C4018: <: несоответствие типов со знаком и без знака
C:\D\Programming\4SEM\CompMath\Matrix\Matrix.h(288,11): warning C4804: <: небезопасное использование типа "bool" в операции
C:\D\Programming\4SEM\CompMath\Matrix\Matrix.h(285): message : во время компиляции функции-члена класс шаблон "void Matrix<Fraction>::add_i_row_to_j_mult_by_k(int,int,type)"
          with
          [
              type=Fraction
          ]
C:\D\Programming\4SEM\OE\Simplex\Simplex.cpp(158): message : выполняется компиляция ссылки на экземпляр шаблон функции "void Matrix<Fraction>::add_i_row_to_j_mult_by_k(int,int,type)"
          with
          [
              type=Fraction
          ]
C:\D\Programming\4SEM\OE\Simplex\Simplex.cpp(7): message : выполняется компиляция ссылки на экземпляр класс шаблон функции "Matrix<Fraction>"
C:\D\Programming\4SEM\CompMath\Matrix\Matrix.h(288,29): warning C4804: <: небезопасное использование типа "bool" в операции
C:\D\Programming\4SEM\CompMath\Matrix\Matrix.h(82): warning C4715: Matrix<Fraction>::operator(): значение возвращается не при всех путях выполнения
  SimplexMethod.vcxproj -> C:\D\Programming\4SEM\OE\SimplexMethod\Debug\SimplexMethod.exe
